[htmlstream.com/preview/unify-v1.4/index.html]
[backblue.gif]
[fade.gif]
[index.html]
[htmlstream.com/preview/unify-v1.4/favicon.ico]
[htmlstream.com/preview/unify-v1.4/assets/plugins/bootstrap/css/bootstrap.min.css]
[htmlstream.com/preview/unify-v1.4/assets/css/style.css]
[htmlstream.com/preview/unify-v1.4/assets/plugins/line-icons/line-icons.css]
[htmlstream.com/preview/unify-v1.4/assets/plugins/font-awesome/css/font-awesome.min.css]
[htmlstream.com/preview/unify-v1.4/assets/plugins/flexslider/flexslider.css]
[htmlstream.com/preview/unify-v1.4/assets/plugins/parallax-slider/css/parallax-slider.css]
[htmlstream.com/preview/unify-v1.4/assets/css/themes/default.css]
[htmlstream.com/preview/unify-v1.4/page_faq.html]
[htmlstream.com/preview/unify-v1.4/page_login.html]
[htmlstream.com/preview/unify-v1.4/index-2.html]
[htmlstream.com/preview/unify-v1.4/assets/img/logo1-default.png]
[htmlstream.com/preview/unify-v1.4/page_home1.html]
[htmlstream.com/preview/unify-v1.4/page_home2.html]
[htmlstream.com/preview/unify-v1.4/page_home3.html]
[htmlstream.com/preview/unify-v1.4/page_home4.html]
[htmlstream.com/preview/unify-v1.4/page_home5.html]
[htmlstream.com/preview/unify-v1.4/page_home6.html]
[htmlstream.com/preview/unify-v1.4/page_home7.html]
[htmlstream.com/preview/unify-v1.4/page_home8.html]
[htmlstream.com/preview/unify-v1.4/page_jobs.html]
[htmlstream.com/preview/unify-v1.4/page_home9.html]
[htmlstream.com/preview/unify-v1.4/page_home11.html]
[htmlstream.com/preview/unify-v1.4/page_home10.html]
[htmlstream.com/preview/unify-v1.4/page_about1.html]
[htmlstream.com/preview/unify-v1.4/page_about.html]
[htmlstream.com/preview/unify-v1.4/page_about_me.html]
[htmlstream.com/preview/unify-v1.4/page_about_our_team.html]
[htmlstream.com/preview/unify-v1.4/page_jobs_inner.html]
[htmlstream.com/preview/unify-v1.4/page_jobs_inner1.html]
[htmlstream.com/preview/unify-v1.4/page_jobs_inner2.html]
[htmlstream.com/preview/unify-v1.4/email-templates/corporate/email_corporate_aqua.html]
[htmlstream.com/preview/unify-v1.4/email-templates/corporate/email_corporate_blue.html]
[htmlstream.com/preview/unify-v1.4/email-templates/corporate/email_corporate_brown.html]
[htmlstream.com/preview/unify-v1.4/email-templates/corporate/email_corporate_dark_blue.html]
[htmlstream.com/preview/unify-v1.4/email-templates/corporate/email_corporate_green.html]
[htmlstream.com/preview/unify-v1.4/email-templates/corporate/email_corporate_light_green.html]
[htmlstream.com/preview/unify-v1.4/email-templates/corporate/email_corporate_grey.html]
[htmlstream.com/preview/unify-v1.4/email-templates/corporate/email_corporate_orange.html]
[htmlstream.com/preview/unify-v1.4/email-templates/corporate/email_corporate_purple.html]
[htmlstream.com/preview/unify-v1.4/email-templates/corporate/email_corporate_red.html]
[htmlstream.com/preview/unify-v1.4/email-templates/flat/email_flat_aqua.html]
[htmlstream.com/preview/unify-v1.4/email-templates/flat/email_flat_blue.html]
[htmlstream.com/preview/unify-v1.4/email-templates/flat/email_flat_brown.html]
[htmlstream.com/preview/unify-v1.4/email-templates/flat/email_flat_dark_blue.html]
[htmlstream.com/preview/unify-v1.4/email-templates/flat/email_flat_green.html]
[htmlstream.com/preview/unify-v1.4/email-templates/flat/email_flat_light_green.html]
[htmlstream.com/preview/unify-v1.4/email-templates/flat/email_flat_grey.html]
[htmlstream.com/preview/unify-v1.4/email-templates/flat/email_flat_orange.html]
[htmlstream.com/preview/unify-v1.4/email-templates/flat/email_flat_purple.html]
[htmlstream.com/preview/unify-v1.4/email-templates/flat/email_flat_red.html]
[htmlstream.com/preview/unify-v1.4/email-templates/modern/email_modern_aqua.html]
[htmlstream.com/preview/unify-v1.4/email-templates/modern/email_modern_blue.html]
[htmlstream.com/preview/unify-v1.4/email-templates/modern/email_modern_brown.html]
[htmlstream.com/preview/unify-v1.4/email-templates/modern/email_modern_dark_blue.html]
[htmlstream.com/preview/unify-v1.4/email-templates/modern/email_modern_green.html]
[htmlstream.com/preview/unify-v1.4/email-templates/modern/email_modern_light_green.html]
[htmlstream.com/preview/unify-v1.4/email-templates/modern/email_modern_grey.html]
[htmlstream.com/preview/unify-v1.4/email-templates/modern/email_modern_orange.html]
[htmlstream.com/preview/unify-v1.4/email-templates/modern/email_modern_purple.html]
[htmlstream.com/preview/unify-v1.4/email-templates/modern/email_modern_red.html]
[htmlstream.com/preview/unify-v1.4/page_services.html]
[htmlstream.com/preview/unify-v1.4/page_services1.html]
[htmlstream.com/preview/unify-v1.4/page_funny_boxes.html]
[htmlstream.com/preview/unify-v1.4/page_pricing.html]
[htmlstream.com/preview/unify-v1.4/page_pricing_light.html]
[htmlstream.com/preview/unify-v1.4/page_pricing_mega.html]
[htmlstream.com/preview/unify-v1.4/page_invoice.html]
[htmlstream.com/preview/unify-v1.4/page_search_inner.html]
[htmlstream.com/preview/unify-v1.4/page_search_table.html]
[htmlstream.com/preview/unify-v1.4/page_coming_soon.html]
[htmlstream.com/preview/unify-v1.4/page_faq1.html]
[htmlstream.com/preview/unify-v1.4/page_gallery.html]
[htmlstream.com/preview/unify-v1.4/page_registration.html]
[htmlstream.com/preview/unify-v1.4/page_registration1.html]
[htmlstream.com/preview/unify-v1.4/page_login1.html]
[htmlstream.com/preview/unify-v1.4/page_404_error.html]
[htmlstream.com/preview/unify-v1.4/page_404_error1.html]
[htmlstream.com/preview/unify-v1.4/page_404_error2.html]
[htmlstream.com/preview/unify-v1.4/page_404_error3.html]
[htmlstream.com/preview/unify-v1.4/page_clients.html]
[htmlstream.com/preview/unify-v1.4/page_2_columns_right.html]
[htmlstream.com/preview/unify-v1.4/page_3_columns.html]
[htmlstream.com/preview/unify-v1.4/page_privacy.html]
[htmlstream.com/preview/unify-v1.4/page_terms.html]
[htmlstream.com/preview/unify-v1.4/page_2_columns_left.html]
[htmlstream.com/preview/unify-v1.4/feature_typo_general.html]
[htmlstream.com/preview/unify-v1.4/feature_typo_headings.html]
[htmlstream.com/preview/unify-v1.4/feature_typo_dividers.html]
[htmlstream.com/preview/unify-v1.4/feature_typo_blockquote.html]
[htmlstream.com/preview/unify-v1.4/feature_typo_boxshadows.html]
[htmlstream.com/preview/unify-v1.4/feature_typo_testimonials.html]
[htmlstream.com/preview/unify-v1.4/feature_typo_tagline_boxes.html]
[htmlstream.com/preview/unify-v1.4/feature_typo_grid.html]
[htmlstream.com/preview/unify-v1.4/feature_btn_brands.html]
[htmlstream.com/preview/unify-v1.4/feature_btn_effects.html]
[htmlstream.com/preview/unify-v1.4/feature_btn_general.html]
[htmlstream.com/preview/unify-v1.4/feature_icon_general.html]
[htmlstream.com/preview/unify-v1.4/feature_icon_fa.html]
[htmlstream.com/preview/unify-v1.4/feature_icon_line.html]
[htmlstream.com/preview/unify-v1.4/feature_icon_glyph.html]
[htmlstream.com/preview/unify-v1.4/feature_box_colored.html]
[htmlstream.com/preview/unify-v1.4/feature_box_funny.html]
[htmlstream.com/preview/unify-v1.4/feature_thumbails.html]
[htmlstream.com/preview/unify-v1.4/feature_box_general.html]
[htmlstream.com/preview/unify-v1.4/feature_compo_labels.html]
[htmlstream.com/preview/unify-v1.4/feature_compo_media.html]
[htmlstream.com/preview/unify-v1.4/feature_compo_messages.html]
[htmlstream.com/preview/unify-v1.4/feature_compo_progress_bars.html]
[htmlstream.com/preview/unify-v1.4/feature_compo_panels.html]
[htmlstream.com/preview/unify-v1.4/feature_compo_pagination.html]
[htmlstream.com/preview/unify-v1.4/feature_accordion_and_tabs.html]
[htmlstream.com/preview/unify-v1.4/feature_timeline1.html]
[htmlstream.com/preview/unify-v1.4/feature_carousels.html]
[htmlstream.com/preview/unify-v1.4/feature_form_general.html]
[htmlstream.com/preview/unify-v1.4/feature_form_general1.html]
[htmlstream.com/preview/unify-v1.4/feature_timeline2.html]
[htmlstream.com/preview/unify-v1.4/feature_form_advanced.html]
[htmlstream.com/preview/unify-v1.4/feature_form_layouts.html]
[htmlstream.com/preview/unify-v1.4/feature_form_layouts_advanced.html]
[htmlstream.com/preview/unify-v1.4/feature_form_states.html]
[htmlstream.com/preview/unify-v1.4/feature_form_sliders.html]
[htmlstream.com/preview/unify-v1.4/feature_table_general.html]
[htmlstream.com/preview/unify-v1.4/feature_maps_google.html]
[htmlstream.com/preview/unify-v1.4/feature_form_modals.html]
[htmlstream.com/preview/unify-v1.4/feature_maps_vector.html]
[htmlstream.com/preview/unify-v1.4/feature_compo_charts.html]
[htmlstream.com/preview/unify-v1.4/portfolio_text_blocks.html]
[htmlstream.com/preview/unify-v1.4/portfolio_2_column.html]
[htmlstream.com/preview/unify-v1.4/portfolio_3_column.html]
[htmlstream.com/preview/unify-v1.4/portfolio_4_column.html]
[htmlstream.com/preview/unify-v1.4/portfolio_item.html]
[htmlstream.com/preview/unify-v1.4/portfolio_item1.html]
[htmlstream.com/preview/unify-v1.4/blog_page.html]
[htmlstream.com/preview/unify-v1.4/blog_large.html]
[htmlstream.com/preview/unify-v1.4/blog_medium.html]
[htmlstream.com/preview/unify-v1.4/blog_full_width.html]
[htmlstream.com/preview/unify-v1.4/blog_timeline.html]
[htmlstream.com/preview/unify-v1.4/blog_right_sidebar.html]
[htmlstream.com/preview/unify-v1.4/blog_left_sidebar.html]
[htmlstream.com/preview/unify-v1.4/blog_item_option1.html]
[htmlstream.com/preview/unify-v1.4/blog_item_option2.html]
[htmlstream.com/preview/unify-v1.4/page_contact1.html]
[htmlstream.com/preview/unify-v1.4/page_contact2.html]
[htmlstream.com/preview/unify-v1.4/page_contact3.html]
[htmlstream.com/preview/unify-v1.4/assets/plugins/parallax-slider/img/1.png]
[htmlstream.com/preview/unify-v1.4/assets/plugins/parallax-slider/img/html5andcss3.png]
[htmlstream.com/preview/unify-v1.4/assets/img/main/2.jpg]
[htmlstream.com/preview/unify-v1.4/assets/img/main/3.jpg]
[htmlstream.com/preview/unify-v1.4/assets/img/main/9.jpg]
[htmlstream.com/preview/unify-v1.4/assets/img/main/10.jpg]
[htmlstream.com/preview/unify-v1.4/assets/img/main/6.jpg]
[htmlstream.com/preview/unify-v1.4/assets/img/main/5.jpg]
[htmlstream.com/preview/unify-v1.4/assets/img/main/4.jpg]
[htmlstream.com/preview/unify-v1.4/assets/img/clients/hp_grey.png]
[htmlstream.com/preview/unify-v1.4/assets/img/clients/hp.png]
[htmlstream.com/preview/unify-v1.4/assets/img/clients/igneus_grey.png]
[htmlstream.com/preview/unify-v1.4/assets/img/clients/igneus.png]
[htmlstream.com/preview/unify-v1.4/assets/img/clients/vadafone_grey.png]
[htmlstream.com/preview/unify-v1.4/assets/img/clients/vadafone.png]
[htmlstream.com/preview/unify-v1.4/assets/img/clients/walmart_grey.png]
[htmlstream.com/preview/unify-v1.4/assets/img/clients/walmart.png]
[htmlstream.com/preview/unify-v1.4/assets/img/clients/shell_grey.png]
[htmlstream.com/preview/unify-v1.4/assets/img/clients/shell.png]
[htmlstream.com/preview/unify-v1.4/assets/img/clients/natural_grey.png]
[htmlstream.com/preview/unify-v1.4/assets/img/clients/natural.png]
[htmlstream.com/preview/unify-v1.4/assets/img/clients/aztec_grey.png]
[htmlstream.com/preview/unify-v1.4/assets/img/clients/aztec.png]
[htmlstream.com/preview/unify-v1.4/assets/img/clients/gamescast_grey.png]
[htmlstream.com/preview/unify-v1.4/assets/img/clients/gamescast.png]
[htmlstream.com/preview/unify-v1.4/assets/img/clients/cisco_grey.png]
[htmlstream.com/preview/unify-v1.4/assets/img/clients/cisco.png]
[htmlstream.com/preview/unify-v1.4/assets/img/clients/everyday_grey.png]
[htmlstream.com/preview/unify-v1.4/assets/img/clients/everyday.png]
[htmlstream.com/preview/unify-v1.4/assets/img/clients/cocacola_grey.png]
[htmlstream.com/preview/unify-v1.4/assets/img/clients/cocacola.png]
[htmlstream.com/preview/unify-v1.4/assets/img/clients/spinworkx_grey.png]
[htmlstream.com/preview/unify-v1.4/assets/img/clients/spinworkx.png]
[htmlstream.com/preview/unify-v1.4/assets/img/sliders/elastislide/6.jpg]
[htmlstream.com/preview/unify-v1.4/assets/img/sliders/elastislide/10.jpg]
[htmlstream.com/preview/unify-v1.4/assets/img/sliders/elastislide/11.jpg]
[htmlstream.com/preview/unify-v1.4/assets/img/logo2-default.png]
[htmlstream.com/preview/unify-v1.4/assets/plugins/jquery-1.10.2.min.js]
[htmlstream.com/preview/unify-v1.4/assets/plugins/jquery-migrate-1.2.1.min.js]
[htmlstream.com/preview/unify-v1.4/assets/plugins/bootstrap/js/bootstrap.min.js]
[htmlstream.com/preview/unify-v1.4/assets/plugins/back-to-top.js]
[htmlstream.com/preview/unify-v1.4/assets/plugins/flexslider/jquery.flexslider-min.js]
[htmlstream.com/preview/unify-v1.4/assets/plugins/parallax-slider/js/modernizr.js]
[htmlstream.com/preview/unify-v1.4/assets/plugins/parallax-slider/js/jquery.cslider.js]
[htmlstream.com/preview/unify-v1.4/assets/js/app.js]
[htmlstream.com/preview/unify-v1.4/index.html]
[htmlstream.com/preview/unify-v1.4/assets/js/pages/index.js]
[htmlstream.com/preview/unify-v1.4/page_faq.html]
[htmlstream.com/preview/unify-v1.4/assets/img/new/img5.jpg]
[htmlstream.com/preview/unify-v1.4/page_login.html]
[htmlstream.com/preview/unify-v1.4/index-2.html]
[htmlstream.com/preview/unify-v1.4/assets/css/pages/page_log_reg_v1.css]
[htmlstream.com/preview/unify-v1.4/assets/plugins/bxslider/jquery.bxslider.css]
[htmlstream.com/preview/unify-v1.4/assets/plugins/layer_slider/css/layerslider.css]
[htmlstream.com/preview/unify-v1.4/assets/img/sliders/layer/bg1.jpg]
[htmlstream.com/preview/unify-v1.4/assets/img/mockup/iphone1.png]
[htmlstream.com/preview/unify-v1.4/assets/img/mockup/iphone.png]
[htmlstream.com/preview/unify-v1.4/assets/img/bg/5.jpg]
[htmlstream.com/preview/unify-v1.4/assets/img/sliders/layer/bg2.jpg]
[htmlstream.com/preview/unify-v1.4/assets/img/main/1.jpg]
[htmlstream.com/preview/unify-v1.4/assets/img/main/7.jpg]
[htmlstream.com/preview/unify-v1.4/assets/img/main/8.jpg]
[htmlstream.com/preview/unify-v1.4/assets/img/new/img15.jpg]
[htmlstream.com/preview/unify-v1.4/assets/plugins/bxslider/jquery.bxslider.js]
[htmlstream.com/preview/unify-v1.4/assets/plugins/layer_slider/jQuery/jquery-easing-1.3.js]
[htmlstream.com/preview/unify-v1.4/assets/plugins/layer_slider/jQuery/jquery-transit-modified.js]
[htmlstream.com/preview/unify-v1.4/assets/plugins/layer_slider/js/layerslider.transitions.js]
[htmlstream.com/preview/unify-v1.4/assets/plugins/layer_slider/js/layerslider.kreaturamedia.jquery.js]
[htmlstream.com/preview/unify-v1.4/page_home1.html]
[htmlstream.com/preview/unify-v1.4/assets/plugins/bootstrap/css/bootstrap.css]
[htmlstream.com/preview/unify-v1.4/assets/plugins/font-awesome/css/font-awesome.css]
[htmlstream.com/preview/unify-v1.4/assets/plugins/revolution_slider/rs-plugin/css/settings.css]
[htmlstream.com/preview/unify-v1.4/assets/plugins/owl-carousel/owl-carousel/owl.carousel.css]
[htmlstream.com/preview/unify-v1.4/assets/img/sliders/revolution/thumbs/thumb1.jpg]
[htmlstream.com/preview/unify-v1.4/assets/img/sliders/revolution/bg1.jpg]
[htmlstream.com/preview/unify-v1.4/assets/img/sliders/revolution/p1.jpg]
[htmlstream.com/preview/unify-v1.4/assets/img/sliders/revolution/p2.jpg]
[htmlstream.com/preview/unify-v1.4/assets/img/sliders/revolution/p6.jpg]
[htmlstream.com/preview/unify-v1.4/assets/img/sliders/revolution/p4.jpg]
[htmlstream.com/preview/unify-v1.4/assets/img/sliders/revolution/p5.jpg]
[htmlstream.com/preview/unify-v1.4/assets/img/sliders/revolution/p3.jpg]
[htmlstream.com/preview/unify-v1.4/assets/img/sliders/revolution/p8.jpg]
[htmlstream.com/preview/unify-v1.4/assets/img/sliders/revolution/p10.jpg]
[htmlstream.com/preview/unify-v1.4/assets/img/sliders/revolution/p9.jpg]
[htmlstream.com/preview/unify-v1.4/assets/img/sliders/revolution/p7.jpg]
[htmlstream.com/preview/unify-v1.4/assets/img/sliders/revolution/thumbs/thumb2.jpg]
[htmlstream.com/preview/unify-v1.4/assets/img/sliders/revolution/bg2.jpg]
[htmlstream.com/preview/unify-v1.4/assets/img/sliders/revolution/drink2.jpg]
[htmlstream.com/preview/unify-v1.4/assets/img/sliders/revolution/drink1.jpg]
[htmlstream.com/preview/unify-v1.4/assets/img/sliders/revolution/drink3.jpg]
[htmlstream.com/preview/unify-v1.4/assets/img/sliders/revolution/thumbs/thumb3.jpg]
[htmlstream.com/preview/unify-v1.4/assets/img/sliders/revolution/bg3.jpg]
[htmlstream.com/preview/unify-v1.4/assets/img/sliders/revolution/imac.png]
[htmlstream.com/preview/unify-v1.4/assets/img/sliders/revolution/ipad.png]
[htmlstream.com/preview/unify-v1.4/assets/img/sliders/revolution/iphone.png]
[htmlstream.com/preview/unify-v1.4/assets/img/sliders/revolution/html5andcss3.png]
[htmlstream.com/preview/unify-v1.4/assets/img/sliders/revolution/thumbs/thumb4.jpg]
[htmlstream.com/preview/unify-v1.4/assets/img/sliders/revolution/bg4.jpg]
[htmlstream.com/preview/unify-v1.4/assets/img/clients/motogp.png]
[htmlstream.com/preview/unify-v1.4/assets/plugins/owl-carousel/owl-carousel/owl.carousel.js]
[htmlstream.com/preview/unify-v1.4/assets/js/plugins/owl-carousel.js]
[htmlstream.com/preview/unify-v1.4/page_home2.html]
[htmlstream.com/preview/unify-v1.4/assets/plugins/fancybox/source/jquery.fancybox.css]
[htmlstream.com/preview/unify-v1.4/assets/css/pages/page_one.css]
[htmlstream.com/preview/unify-v1.4/assets/plugins/revolution_slider/rs-plugin/js/jquery.themepunch.revolution.min.js]
[htmlstream.com/preview/unify-v1.4/assets/img/new/img1.jpg]
[htmlstream.com/preview/unify-v1.4/assets/img/new/img7.jpg]
[htmlstream.com/preview/unify-v1.4/assets/img/new/img6.jpg]
[htmlstream.com/preview/unify-v1.4/assets/img/new/img10.jpg]
[htmlstream.com/preview/unify-v1.4/assets/plugins/fancybox/source/jquery.fancybox.pack.js]
[htmlstream.com/preview/unify-v1.4/page_home3.html]
[htmlstream.com/preview/unify-v1.4/assets/plugins/horizontal-parallax/css/horizontal-parallax.css]
[htmlstream.com/preview/unify-v1.4/assets/plugins/horizontal-parallax/images/bt-prev1.png]
[htmlstream.com/preview/unify-v1.4/assets/plugins/horizontal-parallax/images/bt-next1.png]
[htmlstream.com/preview/unify-v1.4/assets/plugins/horizontal-parallax/images/balloon.png]
[htmlstream.com/preview/unify-v1.4/assets/plugins/horizontal-parallax/images/aeroplane.png]
[htmlstream.com/preview/unify-v1.4/assets/plugins/horizontal-parallax/images/kite.png]
[htmlstream.com/preview/unify-v1.4/assets/img/new/img4.jpg]
[htmlstream.com/preview/unify-v1.4/assets/img/sliders/elastislide/5.jpg]
[htmlstream.com/preview/unify-v1.4/assets/img/sliders/elastislide/8.jpg]
[htmlstream.com/preview/unify-v1.4/assets/img/sliders/elastislide/1.jpg]
[htmlstream.com/preview/unify-v1.4/assets/img/sliders/elastislide/2.jpg]
[htmlstream.com/preview/unify-v1.4/assets/img/sliders/elastislide/7.jpg]
[htmlstream.com/preview/unify-v1.4/page_home4.html]
[htmlstream.com/preview/unify-v1.4/assets/plugins/horizontal-parallax/js/horizontal-parallax.js]
[htmlstream.com/preview/unify-v1.4/assets/plugins/horizontal-parallax/js/sequence.jquery-min.js]
[htmlstream.com/preview/unify-v1.4/assets/img/main/11.jpg]
[htmlstream.com/preview/unify-v1.4/assets/img/main/12.jpg]
[htmlstream.com/preview/unify-v1.4/assets/img/main/13.jpg]
[htmlstream.com/preview/unify-v1.4/assets/img/testimonials/img1.jpg]
[htmlstream.com/preview/unify-v1.4/assets/img/testimonials/user.jpg]
[htmlstream.com/preview/unify-v1.4/page_home5.html]
[htmlstream.com/preview/unify-v1.4/assets/img/testimonials/img2.jpg]
[htmlstream.com/preview/unify-v1.4/assets/css/pages/blog_magazine.css]
[htmlstream.com/preview/unify-v1.4/assets/img/posts/2.jpg]
[htmlstream.com/preview/unify-v1.4/assets/img/posts/1.jpg]
[htmlstream.com/preview/unify-v1.4/assets/img/posts/3.jpg]
[htmlstream.com/preview/unify-v1.4/assets/img/new/img11.jpg]
[htmlstream.com/preview/unify-v1.4/page_home6.html]
[htmlstream.com/preview/unify-v1.4/assets/css/pages/portfolio-v2.css]
[htmlstream.com/preview/unify-v1.4/assets/plugins/jquery.mixitup.min.js]
[htmlstream.com/preview/unify-v1.4/assets/js/pages/page_portfolio.js]
[htmlstream.com/preview/unify-v1.4/page_home7.html]
[htmlstream.com/preview/unify-v1.4/assets/plugins/sky-forms/version-2.0.1/css/custom-sky-forms.css]
[htmlstream.com/preview/unify-v1.4/assets/css/pages/page_search.css]
[htmlstream.com/preview/unify-v1.4/assets/img/job/high-rated-job-1.3.jpg]
[htmlstream.com/preview/unify-v1.4/assets/img/job/high-rated-job-4.1.jpg]
[htmlstream.com/preview/unify-v1.4/assets/img/job/high-rated-job-3.2.jpg]
[htmlstream.com/preview/unify-v1.4/assets/img/job/high-rated-job-4.3.jpg]
[htmlstream.com/preview/unify-v1.4/assets/img/job/high-rated-job-2.3.jpg]
[htmlstream.com/preview/unify-v1.4/assets/img/job/high-rated-job-3.1.jpg]
[htmlstream.com/preview/unify-v1.4/assets/img/job/high-rated-job-3.3.jpg]
[htmlstream.com/preview/unify-v1.4/assets/img/job/high-rated-job-2.1.jpg]
[htmlstream.com/preview/unify-v1.4/assets/img/job/high-rated-job-1.jpg]
[htmlstream.com/preview/unify-v1.4/assets/img/job/high-rated-job-2.2.jpg]
[htmlstream.com/preview/unify-v1.4/assets/plugins/jquery.parallax.js]
[htmlstream.com/preview/unify-v1.4/assets/plugins/counter/waypoints.min.js]
[htmlstream.com/preview/unify-v1.4/assets/plugins/counter/jquery.counterup.min.js]
[htmlstream.com/preview/unify-v1.4/page_home8.html]
[htmlstream.com/preview/unify-v1.4/assets/plugins/image-hover/css/img-hover.css]
[htmlstream.com/preview/unify-v1.4/assets/css/pages/page_job.css]
[htmlstream.com/preview/unify-v1.4/assets/img/job/high-rated-job-1.1.jpg]
[htmlstream.com/preview/unify-v1.4/assets/img/job/high-rated-job-1.2.jpg]
[htmlstream.com/preview/unify-v1.4/assets/img/job/high-rated-job-4.2.jpg]
[htmlstream.com/preview/unify-v1.4/assets/img/team/1.jpg]
[htmlstream.com/preview/unify-v1.4/assets/img/team/3.jpg]
[htmlstream.com/preview/unify-v1.4/assets/img/team/2.jpg]
[htmlstream.com/preview/unify-v1.4/assets/img/team/4.jpg]
[htmlstream.com/preview/unify-v1.4/assets/img/clients2/ea-canada.png]
[htmlstream.com/preview/unify-v1.4/assets/img/clients2/inspiring.png]
[htmlstream.com/preview/unify-v1.4/assets/img/clients2/ucweb.png]
[htmlstream.com/preview/unify-v1.4/assets/img/clients2/clarks.png]
[htmlstream.com/preview/unify-v1.4/assets/img/clients2/corepreserves.png]
[htmlstream.com/preview/unify-v1.4/assets/img/clients2/finals.png]
[htmlstream.com/preview/unify-v1.4/assets/img/clients2/getaround.png]
[htmlstream.com/preview/unify-v1.4/assets/img/clients2/baderbrau.png]
[htmlstream.com/preview/unify-v1.4/assets/img/clients2/emirates.png]
[htmlstream.com/preview/unify-v1.4/assets/img/clients2/fddw.png]
[htmlstream.com/preview/unify-v1.4/assets/img/clients2/district-karaoke.png]
[htmlstream.com/preview/unify-v1.4/assets/img/clients2/marianos.png]
[htmlstream.com/preview/unify-v1.4/assets/img/clients2/grifting-tree.png]
[htmlstream.com/preview/unify-v1.4/assets/img/clients2/jaguar.png]
[htmlstream.com/preview/unify-v1.4/assets/img/clients2/hermes.png]
[htmlstream.com/preview/unify-v1.4/assets/img/clients2/starbucks.png]
[htmlstream.com/preview/unify-v1.4/assets/img/clients2/national-geographic.png]
[htmlstream.com/preview/unify-v1.4/assets/img/clients2/much-more.png]
[htmlstream.com/preview/unify-v1.4/assets/img/clients2/hotiron.png]
[htmlstream.com/preview/unify-v1.4/assets/img/clients2/fred-perry.png]
[htmlstream.com/preview/unify-v1.4/assets/img/clients2/bellfield.png]
[htmlstream.com/preview/unify-v1.4/assets/img/clients2/getapp.png]
[htmlstream.com/preview/unify-v1.4/assets/img/clients2/austrian-airlines.png]
[htmlstream.com/preview/unify-v1.4/assets/img/clients2/general-electric.png]
[htmlstream.com/preview/unify-v1.4/assets/plugins/image-hover/js/touch.js]
[htmlstream.com/preview/unify-v1.4/page_jobs.html]
[htmlstream.com/preview/unify-v1.4/page_home9.html]
[htmlstream.com/preview/unify-v1.4/assets/plugins/image-hover/js/modernizr.js]
[htmlstream.com/preview/unify-v1.4/page_home11.html]
[htmlstream.com/preview/unify-v1.4/page_home10.html]
[htmlstream.com/preview/unify-v1.4/assets/plugins/backstretch/jquery.backstretch.min.js]
[htmlstream.com/preview/unify-v1.4/assets/css/pages/page_about.css]
[htmlstream.com/preview/unify-v1.4/assets/img/team/team.jpg]
[htmlstream.com/preview/unify-v1.4/assets/img/team/team3.jpg]
[htmlstream.com/preview/unify-v1.4/assets/img/team/team2.jpg]
[htmlstream.com/preview/unify-v1.4/assets/img/mockup/1.png]
[htmlstream.com/preview/unify-v1.4/assets/plugins/gmap/gmap.js]
[htmlstream.com/preview/unify-v1.4/assets/js/pages/page_contacts.js]
[htmlstream.com/preview/unify-v1.4/page_about1.html]
[htmlstream.com/preview/unify-v1.4/page_about.html]
[htmlstream.com/preview/unify-v1.4/assets/img/team/team1.jpg]
[htmlstream.com/preview/unify-v1.4/assets/plugins/circles-master/circles.js]
[htmlstream.com/preview/unify-v1.4/page_about_me.html]
[htmlstream.com/preview/unify-v1.4/page_about_our_team.html]
[htmlstream.com/preview/unify-v1.4/assets/js/plugins/circles-master.js]
[htmlstream.com/preview/unify-v1.4/assets/css/pages/page_job_inner.css]
[htmlstream.com/preview/unify-v1.4/page_jobs_inner.html]
[htmlstream.com/preview/unify-v1.4/assets/img/testimonials/img3.jpg]
[htmlstream.com/preview/unify-v1.4/assets/css/pages/page_job_inner1.css]
[htmlstream.com/preview/unify-v1.4/page_jobs_inner1.html]
[htmlstream.com/preview/unify-v1.4/page_jobs_inner2.html]
[htmlstream.com/preview/unify-v1.4/assets/css/pages/page_job_inner2.css]
[htmlstream.com/preview/unify-v1.4/email-templates/corporate/img/logo/logo_aqua.png]
[htmlstream.com/preview/unify-v1.4/email-templates/corporate/img/headliner/headliner_aqua.jpg]
[htmlstream.com/preview/unify-v1.4/email-templates/corporate/img/icons/icon_layers_aqua.png]
[htmlstream.com/preview/unify-v1.4/email-templates/corporate/img/icons/icon_plane_aqua.png]
[htmlstream.com/preview/unify-v1.4/email-templates/corporate/img/block_img/picture1.jpg]
[htmlstream.com/preview/unify-v1.4/email-templates/corporate/img/block_img/picture2.jpg]
[htmlstream.com/preview/unify-v1.4/email-templates/corporate/img/brands/natural.png]
[htmlstream.com/preview/unify-v1.4/email-templates/corporate/img/brands/everyday.png]
[htmlstream.com/preview/unify-v1.4/email-templates/corporate/img/brands/gamescast.png]
[htmlstream.com/preview/unify-v1.4/email-templates/corporate/img/brands/cisco.png]
[htmlstream.com/preview/unify-v1.4/email-templates/corporate/img/brands/spinworkx.png]
[htmlstream.com/preview/unify-v1.4/email-templates/corporate/img/brands/walmart.png]
[htmlstream.com/preview/unify-v1.4/email-templates/corporate/img/icons/icon_facebook.png]
[htmlstream.com/preview/unify-v1.4/email-templates/corporate/img/icons/icon_twitter.png]
[htmlstream.com/preview/unify-v1.4/email-templates/corporate/email_corporate_aqua.html]
[htmlstream.com/preview/unify-v1.4/email-templates/corporate/img/icons/icon_youtube.png]
[htmlstream.com/preview/unify-v1.4/email-templates/corporate/img/logo/logo_blue.png]
[htmlstream.com/preview/unify-v1.4/email-templates/corporate/img/headliner/headliner_blue.jpg]
[htmlstream.com/preview/unify-v1.4/email-templates/corporate/img/icons/icon_layers_blue.png]
[htmlstream.com/preview/unify-v1.4/email-templates/corporate/email_corporate_blue.html]
[htmlstream.com/preview/unify-v1.4/email-templates/corporate/img/icons/icon_plane_blue.png]
[htmlstream.com/preview/unify-v1.4/email-templates/corporate/img/logo/logo_brown.png]
[htmlstream.com/preview/unify-v1.4/email-templates/corporate/img/headliner/headliner_brown.jpg]
[htmlstream.com/preview/unify-v1.4/email-templates/corporate/img/icons/icon_layers_brown.png]
[htmlstream.com/preview/unify-v1.4/email-templates/corporate/email_corporate_brown.html]
[htmlstream.com/preview/unify-v1.4/email-templates/corporate/img/icons/icon_plane_brown.png]
[htmlstream.com/preview/unify-v1.4/email-templates/corporate/img/logo/logo_darkblue.png]
[htmlstream.com/preview/unify-v1.4/email-templates/corporate/img/headliner/headliner_darkblue.jpg]
[htmlstream.com/preview/unify-v1.4/email-templates/corporate/img/icons/icon_layers_darkblue.png]
[htmlstream.com/preview/unify-v1.4/email-templates/corporate/email_corporate_dark_blue.html]
[htmlstream.com/preview/unify-v1.4/email-templates/corporate/img/icons/icon_plane_darkblue.png]
[htmlstream.com/preview/unify-v1.4/email-templates/corporate/img/logo/logo_green.png]
[htmlstream.com/preview/unify-v1.4/email-templates/corporate/img/headliner/headliner_green.jpg]
[htmlstream.com/preview/unify-v1.4/email-templates/corporate/img/icons/icon_layers_green.png]
[htmlstream.com/preview/unify-v1.4/email-templates/corporate/email_corporate_green.html]
[htmlstream.com/preview/unify-v1.4/email-templates/corporate/img/icons/icon_plane_green.png]
[htmlstream.com/preview/unify-v1.4/email-templates/corporate/img/logo/logo_lightgreen.png]
[htmlstream.com/preview/unify-v1.4/email-templates/corporate/img/headliner/headliner_lightgreen.jpg]
[htmlstream.com/preview/unify-v1.4/email-templates/corporate/img/icons/icon_layers_lightgreen.png]
[htmlstream.com/preview/unify-v1.4/email-templates/corporate/email_corporate_light_green.html]
[htmlstream.com/preview/unify-v1.4/email-templates/corporate/img/icons/icon_plane_lightgreen.png]
[htmlstream.com/preview/unify-v1.4/email-templates/corporate/img/logo/logo_grey.png]
[htmlstream.com/preview/unify-v1.4/email-templates/corporate/img/headliner/headliner_grey.jpg]
[htmlstream.com/preview/unify-v1.4/email-templates/corporate/img/icons/icon_layers_grey.png]
[htmlstream.com/preview/unify-v1.4/email-templates/corporate/email_corporate_grey.html]
[htmlstream.com/preview/unify-v1.4/email-templates/corporate/img/icons/icon_plane_grey.png]
[htmlstream.com/preview/unify-v1.4/email-templates/corporate/img/logo/logo_orange.png]
[htmlstream.com/preview/unify-v1.4/email-templates/corporate/img/headliner/headliner_orange.jpg]
[htmlstream.com/preview/unify-v1.4/email-templates/corporate/img/icons/icon_layers_orange.png]
[htmlstream.com/preview/unify-v1.4/email-templates/corporate/email_corporate_orange.html]
[htmlstream.com/preview/unify-v1.4/email-templates/corporate/img/icons/icon_plane_orange.png]
[htmlstream.com/preview/unify-v1.4/email-templates/corporate/img/logo/logo_purple.png]
[htmlstream.com/preview/unify-v1.4/email-templates/corporate/img/headliner/headliner_purple.jpg]
[htmlstream.com/preview/unify-v1.4/email-templates/corporate/img/icons/icon_layers_purple.png]
[htmlstream.com/preview/unify-v1.4/email-templates/corporate/email_corporate_purple.html]
[htmlstream.com/preview/unify-v1.4/email-templates/corporate/img/icons/icon_plane_purple.png]
[htmlstream.com/preview/unify-v1.4/email-templates/corporate/img/logo/logo_red.png]
[htmlstream.com/preview/unify-v1.4/email-templates/corporate/img/headliner/headliner_red.jpg]
[htmlstream.com/preview/unify-v1.4/email-templates/corporate/img/icons/icon_layers_red.png]
[htmlstream.com/preview/unify-v1.4/email-templates/corporate/email_corporate_red.html]
[htmlstream.com/preview/unify-v1.4/email-templates/corporate/img/icons/icon_plane_red.png]
[htmlstream.com/preview/unify-v1.4/email-templates/flat/img/logo/logo_aqua.png]
[htmlstream.com/preview/unify-v1.4/email-templates/flat/img/headliner/headliner_aqua.jpg]
[htmlstream.com/preview/unify-v1.4/email-templates/flat/img/block_img/left_picture.jpg]
[htmlstream.com/preview/unify-v1.4/email-templates/flat/img/block_img/right_picture.jpg]
[htmlstream.com/preview/unify-v1.4/email-templates/flat/img/block_img/middle_picture.jpg]
[htmlstream.com/preview/unify-v1.4/email-templates/flat/img/block_img/picture_two.jpg]
[htmlstream.com/preview/unify-v1.4/email-templates/flat/img/block_img/picture_one.jpg]
[htmlstream.com/preview/unify-v1.4/email-templates/flat/email_flat_aqua.html]
[htmlstream.com/preview/unify-v1.4/email-templates/flat/img/icons/icon_support.png]
[htmlstream.com/preview/unify-v1.4/email-templates/flat/img/logo/logo_blue.png]
[htmlstream.com/preview/unify-v1.4/email-templates/flat/email_flat_blue.html]
[htmlstream.com/preview/unify-v1.4/email-templates/flat/img/headliner/headliner_blue.jpg]
[htmlstream.com/preview/unify-v1.4/email-templates/flat/img/logo/logo_brown.png]
[htmlstream.com/preview/unify-v1.4/email-templates/flat/email_flat_brown.html]
[htmlstream.com/preview/unify-v1.4/email-templates/flat/img/headliner/headliner_brown.jpg]
[htmlstream.com/preview/unify-v1.4/email-templates/flat/img/logo/logo_darkblue.png]
[htmlstream.com/preview/unify-v1.4/email-templates/flat/email_flat_dark_blue.html]
[htmlstream.com/preview/unify-v1.4/email-templates/flat/img/headliner/headliner_darkblue.jpg]
[htmlstream.com/preview/unify-v1.4/email-templates/flat/img/logo/logo_green.png]
[htmlstream.com/preview/unify-v1.4/email-templates/flat/email_flat_green.html]
[htmlstream.com/preview/unify-v1.4/email-templates/flat/img/headliner/headliner_green.jpg]
[htmlstream.com/preview/unify-v1.4/email-templates/flat/img/logo/logo_lightgreen.png]
[htmlstream.com/preview/unify-v1.4/email-templates/flat/email_flat_light_green.html]
[htmlstream.com/preview/unify-v1.4/email-templates/flat/img/headliner/headliner_lightgreen.jpg]
[htmlstream.com/preview/unify-v1.4/email-templates/flat/img/logo/logo_grey.png]
[htmlstream.com/preview/unify-v1.4/email-templates/flat/email_flat_grey.html]
[htmlstream.com/preview/unify-v1.4/email-templates/flat/img/headliner/headliner_grey.jpg]
[htmlstream.com/preview/unify-v1.4/email-templates/flat/img/logo/logo_orange.png]
[htmlstream.com/preview/unify-v1.4/email-templates/flat/img/headliner/headliner_orange.jpg]
[htmlstream.com/preview/unify-v1.4/email-templates/flat/email_flat_orange.html]
[htmlstream.com/preview/unify-v1.4/email-templates/flat/img/logo/logo_purple.png]
[htmlstream.com/preview/unify-v1.4/email-templates/flat/img/headliner/headliner_purple.jpg]
[htmlstream.com/preview/unify-v1.4/email-templates/flat/email_flat_purple.html]
[htmlstream.com/preview/unify-v1.4/email-templates/flat/img/logo/logo_red.png]
[htmlstream.com/preview/unify-v1.4/email-templates/flat/email_flat_red.html]
[htmlstream.com/preview/unify-v1.4/email-templates/flat/img/headliner/headliner_red.jpg]
[htmlstream.com/preview/unify-v1.4/email-templates/modern/img/logo/logo_aqua.png]
[htmlstream.com/preview/unify-v1.4/email-templates/modern/img/block_img/picture_test9.jpg]
[htmlstream.com/preview/unify-v1.4/email-templates/modern/img/icons/icon_house.png]
[htmlstream.com/preview/unify-v1.4/email-templates/modern/img/icons/icon_calendar.png]
[htmlstream.com/preview/unify-v1.4/email-templates/modern/img/icons/icon_present.png]
[htmlstream.com/preview/unify-v1.4/email-templates/modern/img/block_img/picture_test7.jpg]
[htmlstream.com/preview/unify-v1.4/email-templates/modern/img/block_img/picture_test8.jpg]
[htmlstream.com/preview/unify-v1.4/email-templates/modern/img/block_img/picture_two.jpg]
[htmlstream.com/preview/unify-v1.4/email-templates/modern/img/block_img/picture_one.jpg]
[htmlstream.com/preview/unify-v1.4/email-templates/modern/img/block_img/picture_test1.jpg]
[htmlstream.com/preview/unify-v1.4/email-templates/modern/img/icons/icon_facebook.png]
[htmlstream.com/preview/unify-v1.4/email-templates/modern/img/icons/icon_twitter.png]
[htmlstream.com/preview/unify-v1.4/email-templates/modern/email_modern_aqua.html]
[htmlstream.com/preview/unify-v1.4/email-templates/modern/img/icons/icon_youtube.png]
[htmlstream.com/preview/unify-v1.4/email-templates/modern/email_modern_blue.html]
[htmlstream.com/preview/unify-v1.4/email-templates/modern/img/logo/logo_blue.png]
[htmlstream.com/preview/unify-v1.4/email-templates/modern/email_modern_brown.html]
[htmlstream.com/preview/unify-v1.4/email-templates/modern/img/logo/logo_brown.png]
[htmlstream.com/preview/unify-v1.4/email-templates/modern/email_modern_dark_blue.html]
[htmlstream.com/preview/unify-v1.4/email-templates/modern/img/logo/logo_darkblue.png]
[htmlstream.com/preview/unify-v1.4/email-templates/modern/img/logo/logo_green.png]
[htmlstream.com/preview/unify-v1.4/email-templates/modern/email_modern_green.html]
[htmlstream.com/preview/unify-v1.4/email-templates/modern/email_modern_light_green.html]
[htmlstream.com/preview/unify-v1.4/email-templates/modern/img/logo/logo_lightgreen.png]
[htmlstream.com/preview/unify-v1.4/email-templates/modern/email_modern_grey.html]
[htmlstream.com/preview/unify-v1.4/email-templates/modern/img/logo/logo_grey.png]
[htmlstream.com/preview/unify-v1.4/email-templates/modern/email_modern_orange.html]
[htmlstream.com/preview/unify-v1.4/email-templates/modern/img/logo/logo_orange.png]
[htmlstream.com/preview/unify-v1.4/email-templates/modern/email_modern_purple.html]
[htmlstream.com/preview/unify-v1.4/email-templates/modern/img/logo/logo_purple.png]
[htmlstream.com/preview/unify-v1.4/email-templates/modern/email_modern_red.html]
[htmlstream.com/preview/unify-v1.4/page_services.html]
[htmlstream.com/preview/unify-v1.4/page_services1.html]
[htmlstream.com/preview/unify-v1.4/email-templates/modern/img/logo/logo_red.png]
[htmlstream.com/preview/unify-v1.4/assets/img/new/img3.jpg]
[htmlstream.com/preview/unify-v1.4/page_funny_boxes.html]
[htmlstream.com/preview/unify-v1.4/assets/img/new/img2.jpg]
[htmlstream.com/preview/unify-v1.4/page_pricing.html]
[htmlstream.com/preview/unify-v1.4/page_pricing_light.html]
[htmlstream.com/preview/unify-v1.4/page_pricing_mega.html]
[htmlstream.com/preview/unify-v1.4/assets/css/pages/page_pricing.css]
[htmlstream.com/preview/unify-v1.4/assets/css/pages/page_invoice.css]
[htmlstream.com/preview/unify-v1.4/page_invoice.html]
[htmlstream.com/preview/unify-v1.4/assets/img/img.jpg]
[htmlstream.com/preview/unify-v1.4/assets/css/pages/page_search_inner.css]
[htmlstream.com/preview/unify-v1.4/page_search_inner.html]
[htmlstream.com/preview/unify-v1.4/assets/css/pages/page_search_inner_tables.css]
[htmlstream.com/preview/unify-v1.4/assets/img/testimonials/img4.jpg]
[htmlstream.com/preview/unify-v1.4/page_search_table.html]
[htmlstream.com/preview/unify-v1.4/assets/plugins/countdown/css/countdown.css]
[htmlstream.com/preview/unify-v1.4/assets/css/pages/page_coming_soon.css]
[htmlstream.com/preview/unify-v1.4/assets/img/bg/3.jpg]
[htmlstream.com/preview/unify-v1.4/assets/plugins/countdown/jquery.countdown.js]
[htmlstream.com/preview/unify-v1.4/page_coming_soon.html]
[htmlstream.com/preview/unify-v1.4/assets/img/bg/2.jpg]
[htmlstream.com/preview/unify-v1.4/assets/css/pages/page_faq1.css]
[htmlstream.com/preview/unify-v1.4/page_faq1.html]
[htmlstream.com/preview/unify-v1.4/page_gallery.html]
[htmlstream.com/preview/unify-v1.4/page_registration.html]
[htmlstream.com/preview/unify-v1.4/assets/css/pages/page_log_reg_v2.css]
[htmlstream.com/preview/unify-v1.4/page_registration1.html]
[htmlstream.com/preview/unify-v1.4/page_login1.html]
[htmlstream.com/preview/unify-v1.4/assets/img/bg/4.jpg]
[htmlstream.com/preview/unify-v1.4/assets/css/pages/page_404_error.css]
[htmlstream.com/preview/unify-v1.4/page_404_error.html]
[htmlstream.com/preview/unify-v1.4/assets/css/pages/page_404_error1.css]
[htmlstream.com/preview/unify-v1.4/assets/img/bg/8.jpg]
[htmlstream.com/preview/unify-v1.4/page_404_error1.html]
[htmlstream.com/preview/unify-v1.4/assets/css/pages/page_404_error2.css]
[htmlstream.com/preview/unify-v1.4/page_404_error2.html]
[htmlstream.com/preview/unify-v1.4/assets/css/pages/page_404_error3.css]
[htmlstream.com/preview/unify-v1.4/page_404_error3.html]
[htmlstream.com/preview/unify-v1.4/assets/css/pages/page_clients.css]
[htmlstream.com/preview/unify-v1.4/page_clients.html]
[htmlstream.com/preview/unify-v1.4/assets/img/sliders/elastislide/9.jpg]
[htmlstream.com/preview/unify-v1.4/page_2_columns_left.html]
[htmlstream.com/preview/unify-v1.4/page_2_columns_right.html]
[htmlstream.com/preview/unify-v1.4/page_3_columns.html]
[htmlstream.com/preview/unify-v1.4/page_privacy.html]
[htmlstream.com/preview/unify-v1.4/page_terms.html]
[htmlstream.com/preview/unify-v1.4/feature_typo_general.html]
[htmlstream.com/preview/unify-v1.4/feature_typo_headings.html]
[htmlstream.com/preview/unify-v1.4/feature_typo_dividers.html]
[htmlstream.com/preview/unify-v1.4/feature_typo_blockquote.html]
[htmlstream.com/preview/unify-v1.4/feature_typo_boxshadows.html]
[htmlstream.com/preview/unify-v1.4/feature_typo_testimonials.html]
[htmlstream.com/preview/unify-v1.4/feature_typo_tagline_boxes.html]
[htmlstream.com/preview/unify-v1.4/feature_typo_grid.html]
[htmlstream.com/preview/unify-v1.4/feature_btn_general.html]
[htmlstream.com/preview/unify-v1.4/assets/css/plugins/brand-buttons/brand-buttons.css]
[htmlstream.com/preview/unify-v1.4/assets/css/plugins/brand-buttons/brand-buttons-inversed.css]
[htmlstream.com/preview/unify-v1.4/feature_btn_brands.html]
[htmlstream.com/preview/unify-v1.4/assets/plugins/ladda-buttons/css/custom-lada-btn.css]
[htmlstream.com/preview/unify-v1.4/assets/css/plugins/hover-effect/css/custom-hover-effects.css]
[htmlstream.com/preview/unify-v1.4/assets/plugins/ladda-buttons/js/spin.min.js]
[htmlstream.com/preview/unify-v1.4/assets/plugins/ladda-buttons/js/ladda.min.js]
[htmlstream.com/preview/unify-v1.4/feature_btn_effects.html]
[htmlstream.com/preview/unify-v1.4/feature_icon_general.html]
[htmlstream.com/preview/unify-v1.4/feature_icon_fa.html]
[htmlstream.com/preview/unify-v1.4/feature_icon_line.html]
[htmlstream.com/preview/unify-v1.4/feature_icon_glyph.html]
[htmlstream.com/preview/unify-v1.4/feature_box_general.html]
[htmlstream.com/preview/unify-v1.4/feature_box_colored.html]
[htmlstream.com/preview/unify-v1.4/assets/img/fa.jpg]
[htmlstream.com/preview/unify-v1.4/feature_box_funny.html]
[htmlstream.com/preview/unify-v1.4/feature_thumbails.html]
[htmlstream.com/preview/unify-v1.4/feature_compo_messages.html]
[htmlstream.com/preview/unify-v1.4/feature_compo_labels.html]
[htmlstream.com/preview/unify-v1.4/feature_compo_progress_bars.html]
[htmlstream.com/preview/unify-v1.4/assets/img/new/img8.jpg]
[htmlstream.com/preview/unify-v1.4/assets/img/demo.jpg]
[htmlstream.com/preview/unify-v1.4/feature_compo_media.html]
[htmlstream.com/preview/unify-v1.4/feature_compo_panels.html]
[htmlstream.com/preview/unify-v1.4/feature_compo_pagination.html]
[htmlstream.com/preview/unify-v1.4/feature_accordion_and_tabs.html]
[htmlstream.com/preview/unify-v1.4/assets/css/pages/feature_timeline1.css]
[htmlstream.com/preview/unify-v1.4/assets/img/timeline/img1.1.jpg]
[htmlstream.com/preview/unify-v1.4/assets/img/timeline/img1.2.jpg]
[htmlstream.com/preview/unify-v1.4/assets/img/timeline/img1.3.jpg]
[htmlstream.com/preview/unify-v1.4/assets/img/timeline/img1.4.jpg]
[htmlstream.com/preview/unify-v1.4/assets/img/timeline/img1.5.jpg]
[htmlstream.com/preview/unify-v1.4/assets/img/timeline/img1.6.jpg]
[htmlstream.com/preview/unify-v1.4/feature_timeline1.html]
[htmlstream.com/preview/unify-v1.4/assets/css/pages/feature_timeline2.css]
[htmlstream.com/preview/unify-v1.4/assets/img/job/high-rated-job-5.1.jpg]
[htmlstream.com/preview/unify-v1.4/assets/img/job/high-rated-job-5.3.jpg]
[htmlstream.com/preview/unify-v1.4/feature_timeline2.html]
[htmlstream.com/preview/unify-v1.4/assets/img/clients2/co-wheels.png]
[htmlstream.com/preview/unify-v1.4/feature_carousels.html]
[htmlstream.com/preview/unify-v1.4/feature_form_general.html]
[htmlstream.com/preview/unify-v1.4/feature_form_general1.html]
[htmlstream.com/preview/unify-v1.4/assets/plugins/sky-forms/version-2.0.1/js/jquery.maskedinput.min.js]
[htmlstream.com/preview/unify-v1.4/assets/js/plugins/masking.js]
[htmlstream.com/preview/unify-v1.4/assets/plugins/sky-forms/version-2.0.1/js/jquery.validate.min.js]
[htmlstream.com/preview/unify-v1.4/assets/js/plugins/datepicker.js]
[htmlstream.com/preview/unify-v1.4/assets/plugins/sky-forms/version-2.0.1/js/jquery-ui.min.js]
[htmlstream.com/preview/unify-v1.4/feature_form_advanced.html]
[htmlstream.com/preview/unify-v1.4/assets/js/plugins/validation.js]
[htmlstream.com/preview/unify-v1.4/assets/plugins/sky-forms/version-2.0.1/captcha/image6813.html]
[htmlstream.com/preview/unify-v1.4/assets/plugins/sky-forms/version-2.0.1/js/jquery.form.min.js]
[htmlstream.com/preview/unify-v1.4/assets/js/forms/reg.js]
[htmlstream.com/preview/unify-v1.4/assets/js/forms/login.js]
[htmlstream.com/preview/unify-v1.4/assets/js/forms/contact.js]
[htmlstream.com/preview/unify-v1.4/feature_form_layouts.html]
[htmlstream.com/preview/unify-v1.4/assets/js/forms/comment.js]
[htmlstream.com/preview/unify-v1.4/assets/js/forms/order.js]
[htmlstream.com/preview/unify-v1.4/assets/js/forms/review.js]
[htmlstream.com/preview/unify-v1.4/feature_form_layouts_advanced.html]
[htmlstream.com/preview/unify-v1.4/feature_form_states.html]
[htmlstream.com/preview/unify-v1.4/assets/js/forms/checkout.js]
[htmlstream.com/preview/unify-v1.4/feature_form_sliders.html]
[htmlstream.com/preview/unify-v1.4/feature_form_modals.html]
[htmlstream.com/preview/unify-v1.4/feature_table_general.html]
[htmlstream.com/preview/unify-v1.4/assets/js/plugins/form-sliders.js]
[htmlstream.com/preview/unify-v1.4/feature_maps_google.html]
[htmlstream.com/preview/unify-v1.4/assets/plugins/vector-map/custom_jquery-jvectormap.css]
[htmlstream.com/preview/unify-v1.4/assets/plugins/vector-map/jquery-jvectormap.js]
[htmlstream.com/preview/unify-v1.4/assets/plugins/vector-map/jquery-mousewheel.js]
[htmlstream.com/preview/unify-v1.4/assets/plugins/vector-map/lib/jvectormap.js]
[htmlstream.com/preview/unify-v1.4/assets/plugins/vector-map/lib/abstract-element.js]
[htmlstream.com/preview/unify-v1.4/assets/plugins/vector-map/lib/abstract-canvas-element.js]
[htmlstream.com/preview/unify-v1.4/assets/plugins/vector-map/lib/abstract-shape-element.js]
[htmlstream.com/preview/unify-v1.4/assets/plugins/vector-map/lib/svg-element.js]
[htmlstream.com/preview/unify-v1.4/assets/plugins/vector-map/lib/svg-group-element.js]
[htmlstream.com/preview/unify-v1.4/assets/plugins/vector-map/lib/svg-canvas-element.js]
[htmlstream.com/preview/unify-v1.4/assets/plugins/vector-map/lib/svg-shape-element.js]
[htmlstream.com/preview/unify-v1.4/assets/plugins/vector-map/lib/svg-path-element.js]
[htmlstream.com/preview/unify-v1.4/assets/plugins/vector-map/lib/svg-circle-element.js]
[htmlstream.com/preview/unify-v1.4/assets/plugins/vector-map/lib/vml-element.js]
[htmlstream.com/preview/unify-v1.4/assets/plugins/vector-map/lib/vml-group-element.js]
[htmlstream.com/preview/unify-v1.4/assets/plugins/vector-map/lib/vml-canvas-element.js]
[htmlstream.com/preview/unify-v1.4/assets/plugins/vector-map/lib/vml-shape-element.js]
[htmlstream.com/preview/unify-v1.4/assets/plugins/vector-map/lib/vml-path-element.js]
[htmlstream.com/preview/unify-v1.4/assets/plugins/vector-map/lib/vml-circle-element.js]
[htmlstream.com/preview/unify-v1.4/assets/plugins/vector-map/lib/vector-canvas.js]
[htmlstream.com/preview/unify-v1.4/assets/plugins/vector-map/lib/simple-scale.js]
[htmlstream.com/preview/unify-v1.4/assets/plugins/vector-map/lib/numeric-scale.js]
[htmlstream.com/preview/unify-v1.4/assets/plugins/vector-map/lib/ordinal-scale.js]
[htmlstream.com/preview/unify-v1.4/assets/plugins/vector-map/lib/color-scale.js]
[htmlstream.com/preview/unify-v1.4/assets/plugins/vector-map/lib/data-series.js]
[htmlstream.com/preview/unify-v1.4/assets/plugins/vector-map/lib/proj.js]
[htmlstream.com/preview/unify-v1.4/assets/plugins/vector-map/lib/world-map.js]
[htmlstream.com/preview/unify-v1.4/feature_maps_vector.html]
[htmlstream.com/preview/unify-v1.4/feature_compo_charts.html]
[htmlstream.com/preview/unify-v1.4/portfolio_text_blocks.html]
[htmlstream.com/preview/unify-v1.4/assets/js/plugins/vector-map.js]
[htmlstream.com/preview/unify-v1.4/assets/plugins/vector-map/tests/assets/jquery-jvectormap-world-mill-en.js]
[htmlstream.com/preview/unify-v1.4/portfolio_2_column.html]
[htmlstream.com/preview/unify-v1.4/portfolio_3_column.html]
[htmlstream.com/preview/unify-v1.4/portfolio_4_column.html]
[htmlstream.com/preview/unify-v1.4/portfolio_item.html]
[htmlstream.com/preview/unify-v1.4/portfolio_item1.html]
[htmlstream.com/preview/unify-v1.4/blog_page.html]
[htmlstream.com/preview/unify-v1.4/assets/css/pages/portfolio-v1.css]
[htmlstream.com/preview/unify-v1.4/blog_large.html]
[htmlstream.com/preview/unify-v1.4/assets/css/pages/blog.css]
[htmlstream.com/preview/unify-v1.4/blog_medium.html]
[htmlstream.com/preview/unify-v1.4/blog_full_width.html]
[htmlstream.com/preview/unify-v1.4/blog_timeline.html]
[htmlstream.com/preview/unify-v1.4/blog_right_sidebar.html]
[htmlstream.com/preview/unify-v1.4/blog_left_sidebar.html]
[htmlstream.com/preview/unify-v1.4/blog_item_option1.html]
[htmlstream.com/preview/unify-v1.4/blog_item_option2.html]
[htmlstream.com/preview/unify-v1.4/assets/img/sliders/revolution/bg8.jpg]
[htmlstream.com/preview/unify-v1.4/page_contact1.html]
[htmlstream.com/preview/unify-v1.4/page_contact2.html]
[htmlstream.com/preview/unify-v1.4/page_contact3.html]
[htmlstream.com/preview/unify-v1.4/assets/plugins/sky-forms/version-2.0.1/captcha/image6813.html]
[htmlstream.com/preview/unify-v1.4/assets/css/pages/page_contact.css]
[htmlstream.com/preview/unify-v1.4/index-3.html]
[htmlstream.com/preview/unify-v1.4/blog_item.html]
[htmlstream.com/preview/unify-v1.4/assets/plugins/bootstrap/fonts/glyphicons-halflings-regular.eot]
[htmlstream.com/preview/unify-v1.4/assets/plugins/bootstrap/fonts/glyphicons-halflings-regular.woff]
[htmlstream.com/preview/unify-v1.4/assets/plugins/bootstrap/fonts/glyphicons-halflings-regular.ttf]
[htmlstream.com/preview/unify-v1.4/assets/plugins/bootstrap/css/bootstrap.min.css]
[htmlstream.com/preview/unify-v1.4/assets/css/app.css]
[htmlstream.com/preview/unify-v1.4/assets/css/plugins.css]
[htmlstream.com/preview/unify-v1.4/assets/css/plugins/animate.css]
[htmlstream.com/preview/unify-v1.4/assets/css/plugins/box-shadows.css]
[htmlstream.com/preview/unify-v1.4/assets/img/patterns/15.png]
[htmlstream.com/preview/unify-v1.4/assets/img/blur/img1.jpg]
[htmlstream.com/preview/unify-v1.4/assets/img/bg/9.jpg]
[htmlstream.com/preview/unify-v1.4/assets/img/team/faces.jpg]
[htmlstream.com/preview/unify-v1.4/assets/img/breadcrumbs.png]
[htmlstream.com/preview/unify-v1.4/assets/img/bg-black.png]
[htmlstream.com/preview/unify-v1.4/assets/css/style.css]
[htmlstream.com/preview/unify-v1.4/assets/img/bg/11.jpg]
[htmlstream.com/preview/unify-v1.4/assets/plugins/line-icons/fonts/Simple-Line-Icons.eot]
[htmlstream.com/preview/unify-v1.4/assets/plugins/line-icons/fonts/Simple-Line-Iconsd41d.eot]
[htmlstream.com/preview/unify-v1.4/assets/plugins/line-icons/fonts/Simple-Line-Icons.woff]
[htmlstream.com/preview/unify-v1.4/assets/plugins/line-icons/fonts/Simple-Line-Icons.ttf]
[htmlstream.com/preview/unify-v1.4/assets/plugins/line-icons/line-icons.css]
[htmlstream.com/preview/unify-v1.4/assets/plugins/font-awesome/fonts/fontawesome-webfontba72.eot]
[htmlstream.com/preview/unify-v1.4/assets/plugins/font-awesome/fonts/fontawesome-webfontd41d.eot]
[htmlstream.com/preview/unify-v1.4/assets/plugins/font-awesome/fonts/fontawesome-webfontba72.woff]
[htmlstream.com/preview/unify-v1.4/assets/plugins/font-awesome/fonts/fontawesome-webfontba72.ttf]
[htmlstream.com/preview/unify-v1.4/assets/plugins/font-awesome/css/font-awesome.min.css]
[htmlstream.com/preview/unify-v1.4/assets/plugins/flexslider/images/bg_direction_nav.png]
[htmlstream.com/preview/unify-v1.4/assets/plugins/flexslider/flexslider.css]
[htmlstream.com/preview/unify-v1.4/assets/plugins/parallax-slider/img/bg.jpg]
[htmlstream.com/preview/unify-v1.4/assets/plugins/parallax-slider/img/bg-heading.png]
[htmlstream.com/preview/unify-v1.4/assets/plugins/parallax-slider/img/bg-text.png]
[htmlstream.com/preview/unify-v1.4/assets/plugins/parallax-slider/img/arrows.png]
[htmlstream.com/preview/unify-v1.4/assets/plugins/parallax-slider/css/parallax-slider.css]
[htmlstream.com/preview/unify-v1.4/assets/plugins/bxslider/images/controls.png]
[htmlstream.com/preview/unify-v1.4/assets/css/themes/default.css]
[htmlstream.com/preview/unify-v1.4/assets/css/custom.css]
[htmlstream.com/preview/unify-v1.4/page_home1.html]
[htmlstream.com/preview/unify-v1.4/assets/css/pages/page_log_reg_v1.css]
[htmlstream.com/preview/unify-v1.4/assets/plugins/bxslider/images/bx_loader.gif]
[htmlstream.com/preview/unify-v1.4/assets/plugins/bxslider/jquery.bxslider.css]
[htmlstream.com/preview/unify-v1.4/assets/plugins/layer_slider/css/blank.gif]
[htmlstream.com/preview/unify-v1.4/assets/plugins/layer_slider/css/layerslider.css]
[htmlstream.com/preview/unify-v1.4/assets/plugins/bootstrap/css/bootstrap.css]
[htmlstream.com/preview/unify-v1.4/assets/plugins/font-awesome/css/font-awesome.css]
[htmlstream.com/preview/unify-v1.4/assets/plugins/revolution_slider/rs-plugin/images/gradient/g30.png]
[htmlstream.com/preview/unify-v1.4/assets/plugins/revolution_slider/rs-plugin/images/gradient/g40.png]
[htmlstream.com/preview/unify-v1.4/assets/plugins/revolution_slider/rs-plugin/assets/shadow1.png]
[htmlstream.com/preview/unify-v1.4/assets/plugins/revolution_slider/rs-plugin/assets/shadow2.png]
[htmlstream.com/preview/unify-v1.4/assets/plugins/revolution_slider/rs-plugin/assets/shadow3.png]
[htmlstream.com/preview/unify-v1.4/assets/plugins/revolution_slider/rs-plugin/assets/boxed_bgtile.png]
[htmlstream.com/preview/unify-v1.4/assets/plugins/revolution_slider/rs-plugin/assets/navigdots_bgtile.png]
[htmlstream.com/preview/unify-v1.4/assets/plugins/revolution_slider/rs-plugin/assets/bullet.png]
[htmlstream.com/preview/unify-v1.4/assets/plugins/revolution_slider/rs-plugin/assets/bullets.png]
[htmlstream.com/preview/unify-v1.4/assets/plugins/revolution_slider/rs-plugin/assets/bullets2.png]
[htmlstream.com/preview/unify-v1.4/assets/plugins/revolution_slider/rs-plugin/assets/bullet_boxed.png]
[htmlstream.com/preview/unify-v1.4/assets/plugins/revolution_slider/rs-plugin/assets/navigdots.png]
[htmlstream.com/preview/unify-v1.4/assets/plugins/revolution_slider/rs-plugin/assets/large_left.png]
[htmlstream.com/preview/unify-v1.4/assets/plugins/revolution_slider/rs-plugin/assets/large_right.png]
[htmlstream.com/preview/unify-v1.4/assets/plugins/revolution_slider/rs-plugin/assets/small_left.png]
[htmlstream.com/preview/unify-v1.4/assets/plugins/revolution_slider/rs-plugin/assets/small_right.png]
[htmlstream.com/preview/unify-v1.4/assets/plugins/revolution_slider/rs-plugin/assets/arrow_left.png]
[htmlstream.com/preview/unify-v1.4/assets/plugins/revolution_slider/rs-plugin/assets/arrow_right.png]
[htmlstream.com/preview/unify-v1.4/assets/plugins/revolution_slider/rs-plugin/assets/small_left_boxed.png]
[htmlstream.com/preview/unify-v1.4/assets/plugins/revolution_slider/rs-plugin/assets/small_right_boxed.png]
[htmlstream.com/preview/unify-v1.4/assets/plugins/revolution_slider/rs-plugin/assets/arrowleft.png]
[htmlstream.com/preview/unify-v1.4/assets/plugins/revolution_slider/rs-plugin/assets/arrowright.png]
[htmlstream.com/preview/unify-v1.4/assets/plugins/revolution_slider/rs-plugin/assets/arrow_left2.png]
[htmlstream.com/preview/unify-v1.4/assets/plugins/revolution_slider/rs-plugin/assets/arrow_right2.png]
[htmlstream.com/preview/unify-v1.4/assets/plugins/revolution_slider/rs-plugin/assets/timer.png]
[htmlstream.com/preview/unify-v1.4/assets/plugins/revolution_slider/rs-plugin/assets/coloredbg.png]
[htmlstream.com/preview/unify-v1.4/assets/plugins/revolution_slider/rs-plugin/css/settings.css]
[htmlstream.com/preview/unify-v1.4/assets/plugins/revolution_slider/rs-plugin/assets/loader.gif]
[htmlstream.com/preview/unify-v1.4/assets/plugins/owl-carousel/owl-carousel/grabbing.png]
[htmlstream.com/preview/unify-v1.4/assets/plugins/owl-carousel/owl-carousel/owl.carousel.css]
[htmlstream.com/preview/unify-v1.4/assets/plugins/fancybox/source/fancybox_sprite.png]
[htmlstream.com/preview/unify-v1.4/assets/plugins/fancybox/source/fancybox_loading.gif]
[htmlstream.com/preview/unify-v1.4/assets/plugins/fancybox/source/blank.gif]
[htmlstream.com/preview/unify-v1.4/assets/plugins/fancybox/source/fancybox_overlay.png]
[htmlstream.com/preview/unify-v1.4/assets/plugins/fancybox/source/jquery.fancybox.css]
[htmlstream.com/preview/unify-v1.4/assets/css/pages/page_one.css]
[htmlstream.com/preview/unify-v1.4/assets/plugins/horizontal-parallax/css/horizontal-parallax.css]
[htmlstream.com/preview/unify-v1.4/assets/css/pages/blog_magazine.css]
[htmlstream.com/preview/unify-v1.4/assets/css/pages/portfolio-v2.css]
[htmlstream.com/preview/unify-v1.4/assets/plugins/sky-forms/version-2.0.1/css/sky-forms.css]
[htmlstream.com/preview/unify-v1.4/assets/plugins/sky-forms/version-2.0.1/css/custom-sky-forms.css]
[htmlstream.com/preview/unify-v1.4/assets/img/bg/7.jpg]
[htmlstream.com/preview/unify-v1.4/assets/css/pages/page_search.css]
[htmlstream.com/preview/unify-v1.4/assets/plugins/image-hover/css/img-hover.css]
[htmlstream.com/preview/unify-v1.4/assets/img/job/1.jpg]
[htmlstream.com/preview/unify-v1.4/assets/css/pages/page_job.css]
[htmlstream.com/preview/unify-v1.4/assets/css/pages/page_about.css]
[htmlstream.com/preview/unify-v1.4/assets/img/job/slider.jpg]
[htmlstream.com/preview/unify-v1.4/assets/css/pages/page_job_inner.css]
[htmlstream.com/preview/unify-v1.4/assets/css/pages/page_job_inner1.css]
[htmlstream.com/preview/unify-v1.4/assets/css/pages/page_job_inner2.css]
[htmlstream.com/preview/unify-v1.4/assets/css/pages/page_pricing.css]
[htmlstream.com/preview/unify-v1.4/assets/css/pages/page_invoice.css]
[htmlstream.com/preview/unify-v1.4/assets/css/pages/page_search_inner.css]
[htmlstream.com/preview/unify-v1.4/assets/css/pages/page_search_inner_tables.css]
[htmlstream.com/preview/unify-v1.4/assets/plugins/countdown/css/countdown.css]
[htmlstream.com/preview/unify-v1.4/assets/css/pages/page_coming_soon.css]
[htmlstream.com/preview/unify-v1.4/assets/img/bg/12.jpg]
[htmlstream.com/preview/unify-v1.4/assets/css/pages/page_faq1.css]
[htmlstream.com/preview/unify-v1.4/assets/css/pages/page_log_reg_v2.css]
[htmlstream.com/preview/unify-v1.4/assets/css/pages/page_404_error.css]
[htmlstream.com/preview/unify-v1.4/assets/img/bg-black1.png]
[htmlstream.com/preview/unify-v1.4/assets/css/pages/page_404_error1.css]
[htmlstream.com/preview/unify-v1.4/assets/css/pages/page_404_error2.css]
[htmlstream.com/preview/unify-v1.4/assets/css/pages/page_404_error3.css]
[htmlstream.com/preview/unify-v1.4/assets/css/pages/page_clients.css]
[htmlstream.com/preview/unify-v1.4/assets/css/plugins/brand-buttons/brand-buttons.css]
[htmlstream.com/preview/unify-v1.4/assets/css/plugins/brand-buttons/brand-buttons-inversed.css]
[htmlstream.com/preview/unify-v1.4/assets/plugins/ladda-buttons/css/ladda.min.css]
[htmlstream.com/preview/unify-v1.4/assets/plugins/ladda-buttons/css/custom-lada-btn.css]
[htmlstream.com/preview/unify-v1.4/assets/css/plugins/hover-effect/css/hover.css]
[htmlstream.com/preview/unify-v1.4/assets/css/plugins/hover-effect/css/custom-hover-effects.css]
[htmlstream.com/preview/unify-v1.4/assets/css/pages/feature_timeline1.css]
[htmlstream.com/preview/unify-v1.4/assets/css/pages/feature_timeline2.css]
[htmlstream.com/preview/unify-v1.4/assets/plugins/sky-forms/version-2.0.1/captcha/image6813.html]
[htmlstream.com/preview/unify-v1.4/assets/plugins/vector-map/jquery-jvectormap.css]
[htmlstream.com/preview/unify-v1.4/assets/plugins/vector-map/custom_jquery-jvectormap.css]
[htmlstream.com/preview/unify-v1.4/assets/css/pages/portfolio-v1.css]
[htmlstream.com/preview/unify-v1.4/assets/css/pages/blog.css]
[htmlstream.com/preview/unify-v1.4/assets/plugins/bootstrap/fonts/glyphicons-halflings-regulard41d.eot]
[htmlstream.com/preview/unify-v1.4/assets/css/pages/page_contact.css]
[htmlstream.com/preview/unify-v1.4/assets/plugins/bootstrap/fonts/glyphicons-halflings-regular.svg]
[htmlstream.com/preview/unify-v1.4/assets/img/icons/social/amazon.png]
[htmlstream.com/preview/unify-v1.4/assets/img/icons/social/behance.png]
[htmlstream.com/preview/unify-v1.4/assets/img/icons/social/blogger.png]
[htmlstream.com/preview/unify-v1.4/assets/img/icons/social/deviantart.png]
[htmlstream.com/preview/unify-v1.4/assets/img/icons/social/dribbble.png]
[htmlstream.com/preview/unify-v1.4/assets/img/icons/social/dropbox.png]
[htmlstream.com/preview/unify-v1.4/assets/img/icons/social/evernote.png]
[htmlstream.com/preview/unify-v1.4/assets/img/icons/social/facebook.png]
[htmlstream.com/preview/unify-v1.4/assets/img/icons/social/forrst.png]
[htmlstream.com/preview/unify-v1.4/assets/img/icons/social/github.png]
[htmlstream.com/preview/unify-v1.4/assets/img/icons/social/googleplus.png]
[htmlstream.com/preview/unify-v1.4/assets/img/icons/social/jolicloud.png]
[htmlstream.com/preview/unify-v1.4/assets/img/icons/social/last-fm.png]
[htmlstream.com/preview/unify-v1.4/assets/img/icons/social/linkedin.png]
[htmlstream.com/preview/unify-v1.4/assets/img/icons/social/picasa.png]
[htmlstream.com/preview/unify-v1.4/assets/img/icons/social/pintrest.png]
[htmlstream.com/preview/unify-v1.4/assets/img/icons/social/rss.png]
[htmlstream.com/preview/unify-v1.4/assets/img/icons/social/skype.png]
[htmlstream.com/preview/unify-v1.4/assets/img/icons/social/spotify.png]
[htmlstream.com/preview/unify-v1.4/assets/img/icons/social/stumbleupon.png]
[htmlstream.com/preview/unify-v1.4/assets/img/icons/social/tumblr.png]
[htmlstream.com/preview/unify-v1.4/assets/img/icons/social/twitter.png]
[htmlstream.com/preview/unify-v1.4/assets/img/icons/social/vimeo.png]
[htmlstream.com/preview/unify-v1.4/assets/img/icons/social/wordpress.png]
[htmlstream.com/preview/unify-v1.4/assets/img/icons/social/xing.png]
[htmlstream.com/preview/unify-v1.4/assets/img/icons/social/yahoo.png]
[htmlstream.com/preview/unify-v1.4/assets/img/icons/social/youtube.png]
[htmlstream.com/preview/unify-v1.4/assets/img/icons/social/vk.png]
[htmlstream.com/preview/unify-v1.4/assets/css/app.css]
[htmlstream.com/preview/unify-v1.4/assets/img/sliders/revolution/bg-text.png]
[htmlstream.com/preview/unify-v1.4/assets/css/plugins.css]
[htmlstream.com/preview/unify-v1.4/assets/img/overlay-icon.png]
[htmlstream.com/preview/unify-v1.4/assets/css/plugins/animate.css]
[htmlstream.com/preview/unify-v1.4/assets/css/plugins/box-shadows.css]
[htmlstream.com/preview/unify-v1.4/assets/plugins/line-icons/fonts/Simple-Line-Icons.svg]
[htmlstream.com/preview/unify-v1.4/assets/plugins/font-awesome/fonts/fontawesome-webfontba72.svg]
[htmlstream.com/preview/unify-v1.4/assets/plugins/sky-forms/version-2.0.1/css/sky-forms.css]
[htmlstream.com/preview/unify-v1.4/assets/plugins/ladda-buttons/css/ladda.min.css]
[htmlstream.com/preview/unify-v1.4/assets/css/plugins/hover-effect/css/hover.css]
[htmlstream.com/preview/unify-v1.4/assets/plugins/vector-map/jquery-jvectormap.css]
[htmlstream.com/preview/unify-v1.4/index-3.html]
[htmlstream.com/preview/unify-v1.4/assets/css/themes/headers/default.html]
[htmlstream.com/preview/unify-v1.4/assets/plugins/hover-dropdown.min.html]
[htmlstream.com/preview/unify-v1.4/email-templates/modern/img/logo/icon_present.html]
[htmlstream.com/preview/unify-v1.4/assets/css/headers/header1.html]
[htmlstream.com/preview/unify-v1.4/assets/css/responsive.html]
[htmlstream.com/preview/unify-v1.4/assets/plugins/css/animate.html]
[htmlstream.com/preview/unify-v1.4/assets/js/pages/feature_btn_effects.html]
[htmlstream.com/preview/unify-v1.4/assets/css/pages/z_feature_google_map.html]
